0 info it worked if it ends with ok
1 verbose cli [ '/usr/local/bin/node', '/usr/local/bin/npm', 'start' ]
2 info using npm@1.2.15
3 info using node@v0.10.2
4 verbose read json /home/xbian/node/apps/quiz/package.json
5 warn package.json quiz@0.0.0 No README.md file found!
6 verbose run-script [ 'prestart', 'start', 'poststart' ]
7 info prestart quiz@0.0.0
8 info start quiz@0.0.0
9 verbose unsafe-perm in lifecycle true
10 silly exec sh "-c" "node ./bin/www"
11 silly sh,-c,node ./bin/www,/home/xbian/node/apps/quiz spawning
12 info quiz@0.0.0 Failed to exec start script
13 error quiz@0.0.0 start: `node ./bin/www`
13 error `sh "-c" "node ./bin/www"` failed with 8
14 error Failed at the quiz@0.0.0 start script.
14 error This is most likely a problem with the quiz package,
14 error not with npm itself.
14 error Tell the author that this fails on your system:
14 error     node ./bin/www
14 error You can get their info via:
14 error     npm owner ls quiz
14 error There is likely additional logging output above.
15 error System Linux 3.18.8+
16 error command "/usr/local/bin/node" "/usr/local/bin/npm" "start"
17 error cwd /home/xbian/node/apps/quiz
18 error node -v v0.10.2
19 error npm -v 1.2.15
20 error code ELIFECYCLE
21 verbose exit [ 1, true ]
